<?xml version="1.0" encoding="UTF-8"?>
<!-- Generated by org.testng.reporters.JUnitReportReporter -->
<testsuite hostname="MSI" failures="0" tests="1" name="demo.opencart.testCases.TC001_LoginTest" time="1.327" errors="0" timestamp="2024-02-22T09:18:44 CST" skipped="0">
  <testcase classname="demo.opencart.testCases.TC001_LoginTest" name="clickOnRegisterFromMyAccountArrow" time="1.327"/>
</testsuite> <!-- demo.opencart.testCases.TC001_LoginTest -->
