<?xml version="1.0" encoding="UTF-8"?>
<!-- Generated by org.testng.reporters.JUnitReportReporter -->
<testsuite hostname="MSI" failures="0" tests="1" name="demo.opencart.testCases.TC003_LoginTest" time="2.040" errors="0" timestamp="2024-02-28T09:12:04 CST" skipped="0">
  <testcase classname="demo.opencart.testCases.TC003_LoginTest" name="verifyLoginFunctionality" time="2.040"/>
</testsuite> <!-- demo.opencart.testCases.TC003_LoginTest -->
