<?xml version="1.0" encoding="UTF-8"?>
<!-- Generated by org.testng.reporters.JUnitReportReporter -->
<testsuite hostname="MSI" failures="0" tests="1" name="demo.opencart.testCases.TC001_HomeTest" time="4.766" errors="0" timestamp="2024-02-28T09:12:04 CST" skipped="0">
  <testcase classname="demo.opencart.testCases.TC001_HomeTest" name="navigateToRegisterAccountPage" time="4.766"/>
</testsuite> <!-- demo.opencart.testCases.TC001_HomeTest -->
