<?xml version="1.0" encoding="UTF-8"?>
<!-- Generated by org.testng.reporters.JUnitReportReporter -->
<testsuite hostname="MSI" failures="0" tests="1" name="demo.opencart.testCases.TC001_HomeTest" time="1.278" errors="0" timestamp="2024-02-29T10:27:14 CST" skipped="0">
  <testcase classname="demo.opencart.testCases.TC001_HomeTest" name="navigateToRegisterAccountPage" time="1.278"/>
</testsuite> <!-- demo.opencart.testCases.TC001_HomeTest -->
