<?xml version="1.0" encoding="UTF-8"?>
<!-- Generated by org.testng.reporters.JUnitReportReporter -->
<testsuite hostname="MSI" failures="0" tests="1" name="demo.opencart.utilities.BrowserFactory" time="7.281" errors="0" timestamp="2024-02-20T11:17:47 CST" skipped="0">
  <testcase classname="demo.opencart.utilities.BrowserFactory" name="setup" time="7.281"/>
</testsuite> <!-- demo.opencart.utilities.BrowserFactory -->
