<?xml version="1.0" encoding="UTF-8"?>
<!-- Generated by org.testng.reporters.JUnitReportReporter -->
<testsuite hostname="MSI" failures="0" tests="1" name="demo.opencart.testCases.LoginTest" time="1.524" errors="0" timestamp="2024-02-21T07:41:01 CST" skipped="0">
  <testcase classname="demo.opencart.testCases.LoginTest" name="clickOnRegisterFromMyAccountArrow" time="1.524"/>
</testsuite> <!-- demo.opencart.testCases.LoginTest -->
