<?xml version="1.0" encoding="UTF-8"?>
<!-- Generated by org.testng.reporters.JUnitReportReporter -->
<testsuite hostname="MSI" failures="0" tests="1" name="demo.opencart.testCases.TC002_RegisterAccountTest" time="4.481" errors="0" timestamp="2024-02-28T09:30:27 CST" skipped="0">
  <testcase classname="demo.opencart.testCases.TC002_RegisterAccountTest" name="verifyRegisterAccountFunctionality" time="4.481"/>
  <system-out/>
</testsuite> <!-- demo.opencart.testCases.TC002_RegisterAccountTest -->
