<?xml version="1.0" encoding="UTF-8"?>
<!-- Generated by org.testng.reporters.JUnitReportReporter -->
<testsuite hostname="MSI" failures="0" tests="1" name="demo.opencart.testCases.TC001_HomeTest" time="2.293" errors="0" timestamp="2024-02-28T09:30:27 CST" skipped="0">
  <testcase classname="demo.opencart.testCases.TC001_HomeTest" name="navigateToRegisterAccountPage" time="2.293"/>
  <system-out/>
</testsuite> <!-- demo.opencart.testCases.TC001_HomeTest -->
